mode: atomic
github.com/taymour/elysiandb/elysiandb.go:12.13,23.16 3 0
github.com/taymour/elysiandb/elysiandb.go:23.16,26.3 2 0
github.com/taymour/elysiandb/elysiandb.go:28.2,36.29 5 0
github.com/taymour/elysiandb/elysiandb.go:36.29,38.3 1 0
github.com/taymour/elysiandb/elysiandb.go:40.2,40.28 1 0
github.com/taymour/elysiandb/elysiandb.go:40.28,42.3 1 0
github.com/taymour/elysiandb/elysiandb.go:45.2,45.9 1 0
github.com/taymour/elysiandb/benchmark/elysian_bench.go:39.41,42.24 3 0
github.com/taymour/elysiandb/benchmark/elysian_bench.go:42.24,44.3 1 0
github.com/taymour/elysiandb/benchmark/elysian_bench.go:45.2,45.15 1 0
github.com/taymour/elysiandb/benchmark/elysian_bench.go:48.46,54.2 5 0
github.com/taymour/elysiandb/benchmark/elysian_bench.go:56.52,57.15 1 0
github.com/taymour/elysiandb/benchmark/elysian_bench.go:57.15,59.3 1 0
github.com/taymour/elysiandb/benchmark/elysian_bench.go:60.2,62.9 3 0
github.com/taymour/elysiandb/benchmark/elysian_bench.go:63.20,64.47 1 0
github.com/taymour/elysiandb/benchmark/elysian_bench.go:65.18,66.45 1 0
github.com/taymour/elysiandb/benchmark/elysian_bench.go:67.16,68.41 1 0
github.com/taymour/elysiandb/benchmark/elysian_bench.go:69.10,70.38 1 0
github.com/taymour/elysiandb/benchmark/elysian_bench.go:74.62,75.18 1 0
github.com/taymour/elysiandb/benchmark/elysian_bench.go:75.18,77.3 1 0
github.com/taymour/elysiandb/benchmark/elysian_bench.go:78.2,78.37 1 0
github.com/taymour/elysiandb/benchmark/elysian_bench.go:78.37,78.61 1 0
github.com/taymour/elysiandb/benchmark/elysian_bench.go:79.2,80.13 2 0
github.com/taymour/elysiandb/benchmark/elysian_bench.go:80.13,82.3 1 0
github.com/taymour/elysiandb/benchmark/elysian_bench.go:83.2,83.20 1 0
github.com/taymour/elysiandb/benchmark/elysian_bench.go:83.20,85.3 1 0
github.com/taymour/elysiandb/benchmark/elysian_bench.go:86.2,86.16 1 0
github.com/taymour/elysiandb/benchmark/elysian_bench.go:89.44,90.11 1 0
github.com/taymour/elysiandb/benchmark/elysian_bench.go:90.11,92.3 1 0
github.com/taymour/elysiandb/benchmark/elysian_bench.go:93.2,93.11 1 0
github.com/taymour/elysiandb/benchmark/elysian_bench.go:93.11,95.3 1 0
github.com/taymour/elysiandb/benchmark/elysian_bench.go:96.2,97.18 2 0
github.com/taymour/elysiandb/benchmark/elysian_bench.go:97.18,99.3 1 0
github.com/taymour/elysiandb/benchmark/elysian_bench.go:100.2,100.72 1 0
github.com/taymour/elysiandb/benchmark/elysian_bench.go:103.29,104.12 1 0
github.com/taymour/elysiandb/benchmark/elysian_bench.go:104.12,106.3 1 0
github.com/taymour/elysiandb/benchmark/elysian_bench.go:107.2,108.19 2 0
github.com/taymour/elysiandb/benchmark/elysian_bench.go:108.19,110.3 1 0
github.com/taymour/elysiandb/benchmark/elysian_bench.go:111.2,111.10 1 0
github.com/taymour/elysiandb/benchmark/elysian_bench.go:114.31,117.2 2 0
github.com/taymour/elysiandb/benchmark/elysian_bench.go:119.13,140.14 19 0
github.com/taymour/elysiandb/benchmark/elysian_bench.go:140.14,142.3 1 0
github.com/taymour/elysiandb/benchmark/elysian_bench.go:142.8,144.3 1 0
github.com/taymour/elysiandb/benchmark/elysian_bench.go:145.2,146.11 2 0
github.com/taymour/elysiandb/benchmark/elysian_bench.go:146.11,149.3 2 0
github.com/taymour/elysiandb/benchmark/elysian_bench.go:149.8,151.3 1 0
github.com/taymour/elysiandb/benchmark/elysian_bench.go:152.2,154.11 3 0
github.com/taymour/elysiandb/benchmark/elysian_bench.go:154.11,156.3 1 0
github.com/taymour/elysiandb/benchmark/elysian_bench.go:157.2,161.26 3 0
github.com/taymour/elysiandb/benchmark/elysian_bench.go:161.26,168.30 7 0
github.com/taymour/elysiandb/benchmark/elysian_bench.go:168.30,170.4 1 0
github.com/taymour/elysiandb/benchmark/elysian_bench.go:171.3,172.27 2 0
github.com/taymour/elysiandb/benchmark/elysian_bench.go:172.27,174.14 2 0
github.com/taymour/elysiandb/benchmark/elysian_bench.go:174.14,177.19 3 0
github.com/taymour/elysiandb/benchmark/elysian_bench.go:177.19,180.6 2 0
github.com/taymour/elysiandb/benchmark/elysian_bench.go:181.5,184.23 4 0
github.com/taymour/elysiandb/benchmark/elysian_bench.go:184.23,186.51 2 0
github.com/taymour/elysiandb/benchmark/elysian_bench.go:186.51,189.7 2 0
github.com/taymour/elysiandb/benchmark/elysian_bench.go:190.6,190.38 1 0
github.com/taymour/elysiandb/benchmark/elysian_bench.go:190.38,193.7 2 0
github.com/taymour/elysiandb/benchmark/elysian_bench.go:194.6,194.49 1 0
github.com/taymour/elysiandb/benchmark/elysian_bench.go:194.49,197.7 2 0
github.com/taymour/elysiandb/benchmark/elysian_bench.go:201.3,203.37 3 0
github.com/taymour/elysiandb/benchmark/elysian_bench.go:203.37,205.4 1 0
github.com/taymour/elysiandb/benchmark/elysian_bench.go:205.9,207.4 1 0
github.com/taymour/elysiandb/benchmark/elysian_bench.go:208.3,208.16 1 0
github.com/taymour/elysiandb/benchmark/elysian_bench.go:211.2,212.14 2 0
github.com/taymour/elysiandb/benchmark/elysian_bench.go:212.14,214.3 1 0
github.com/taymour/elysiandb/benchmark/elysian_bench.go:216.2,228.28 9 0
github.com/taymour/elysiandb/benchmark/elysian_bench.go:228.28,230.19 2 0
github.com/taymour/elysiandb/benchmark/elysian_bench.go:230.19,233.18 3 0
github.com/taymour/elysiandb/benchmark/elysian_bench.go:233.18,236.5 2 0
github.com/taymour/elysiandb/benchmark/elysian_bench.go:237.4,241.8 4 0
github.com/taymour/elysiandb/benchmark/elysian_bench.go:241.8,242.12 1 0
github.com/taymour/elysiandb/benchmark/elysian_bench.go:243.23,244.12 1 0
github.com/taymour/elysiandb/benchmark/elysian_bench.go:245.13,245.13 0 0
github.com/taymour/elysiandb/benchmark/elysian_bench.go:247.5,247.20 1 0
github.com/taymour/elysiandb/benchmark/elysian_bench.go:247.20,249.6 1 0
github.com/taymour/elysiandb/benchmark/elysian_bench.go:251.5,251.14 1 0
github.com/taymour/elysiandb/benchmark/elysian_bench.go:251.14,254.6 2 0
github.com/taymour/elysiandb/benchmark/elysian_bench.go:254.6,258.22 4 0
github.com/taymour/elysiandb/benchmark/elysian_bench.go:258.22,260.8 1 0
github.com/taymour/elysiandb/benchmark/elysian_bench.go:261.7,261.22 1 0
github.com/taymour/elysiandb/benchmark/elysian_bench.go:261.22,263.16 2 0
github.com/taymour/elysiandb/benchmark/elysian_bench.go:265.7,269.22 4 0
github.com/taymour/elysiandb/benchmark/elysian_bench.go:269.22,270.26 1 0
github.com/taymour/elysiandb/benchmark/elysian_bench.go:270.26,272.9 1 0
github.com/taymour/elysiandb/benchmark/elysian_bench.go:272.14,274.9 1 0
github.com/taymour/elysiandb/benchmark/elysian_bench.go:275.8,276.14 2 0
github.com/taymour/elysiandb/benchmark/elysian_bench.go:278.7,279.77 2 0
github.com/taymour/elysiandb/benchmark/elysian_bench.go:279.77,281.8 1 0
github.com/taymour/elysiandb/benchmark/elysian_bench.go:282.7,282.21 1 0
github.com/taymour/elysiandb/benchmark/elysian_bench.go:285.6,289.22 4 0
github.com/taymour/elysiandb/benchmark/elysian_bench.go:289.22,291.8 1 0
github.com/taymour/elysiandb/benchmark/elysian_bench.go:292.7,292.22 1 0
github.com/taymour/elysiandb/benchmark/elysian_bench.go:292.22,294.16 2 0
github.com/taymour/elysiandb/benchmark/elysian_bench.go:296.7,300.22 4 0
github.com/taymour/elysiandb/benchmark/elysian_bench.go:300.22,301.26 1 0
github.com/taymour/elysiandb/benchmark/elysian_bench.go:301.26,303.9 1 0
github.com/taymour/elysiandb/benchmark/elysian_bench.go:303.14,305.9 1 0
github.com/taymour/elysiandb/benchmark/elysian_bench.go:306.8,307.14 2 0
github.com/taymour/elysiandb/benchmark/elysian_bench.go:309.7,310.87 2 0
github.com/taymour/elysiandb/benchmark/elysian_bench.go:310.87,312.8 1 0
github.com/taymour/elysiandb/benchmark/elysian_bench.go:313.7,313.21 1 0
github.com/taymour/elysiandb/benchmark/elysian_bench.go:315.6,315.14 1 0
github.com/taymour/elysiandb/benchmark/elysian_bench.go:318.5,319.36 2 0
github.com/taymour/elysiandb/benchmark/elysian_bench.go:319.36,321.6 1 0
github.com/taymour/elysiandb/benchmark/elysian_bench.go:322.5,324.20 3 0
github.com/taymour/elysiandb/benchmark/elysian_bench.go:324.20,326.6 1 0
github.com/taymour/elysiandb/benchmark/elysian_bench.go:326.11,328.6 1 0
github.com/taymour/elysiandb/benchmark/elysian_bench.go:330.5,332.20 3 0
github.com/taymour/elysiandb/benchmark/elysian_bench.go:332.20,334.6 1 0
github.com/taymour/elysiandb/benchmark/elysian_bench.go:335.5,335.20 1 0
github.com/taymour/elysiandb/benchmark/elysian_bench.go:335.20,337.14 2 0
github.com/taymour/elysiandb/benchmark/elysian_bench.go:339.5,343.20 4 0
github.com/taymour/elysiandb/benchmark/elysian_bench.go:343.20,344.24 1 0
github.com/taymour/elysiandb/benchmark/elysian_bench.go:344.24,346.7 1 0
github.com/taymour/elysiandb/benchmark/elysian_bench.go:346.12,348.7 1 0
github.com/taymour/elysiandb/benchmark/elysian_bench.go:349.6,350.12 2 0
github.com/taymour/elysiandb/benchmark/elysian_bench.go:352.5,354.20 2 0
github.com/taymour/elysiandb/benchmark/elysian_bench.go:354.20,355.86 1 0
github.com/taymour/elysiandb/benchmark/elysian_bench.go:355.86,357.7 1 0
github.com/taymour/elysiandb/benchmark/elysian_bench.go:358.11,359.76 1 0
github.com/taymour/elysiandb/benchmark/elysian_bench.go:359.76,361.7 1 0
github.com/taymour/elysiandb/benchmark/elysian_bench.go:363.5,363.19 1 0
github.com/taymour/elysiandb/benchmark/elysian_bench.go:368.2,374.12 5 0
github.com/taymour/elysiandb/benchmark/elysian_bench.go:374.12,377.3 2 0
github.com/taymour/elysiandb/benchmark/elysian_bench.go:379.2,379.6 1 0
github.com/taymour/elysiandb/benchmark/elysian_bench.go:379.6,380.10 1 0
github.com/taymour/elysiandb/benchmark/elysian_bench.go:381.27,382.11 1 0
github.com/taymour/elysiandb/benchmark/elysian_bench.go:382.11,383.13 1 0
github.com/taymour/elysiandb/benchmark/elysian_bench.go:385.4,388.46 4 0
github.com/taymour/elysiandb/benchmark/elysian_bench.go:388.46,390.5 1 0
github.com/taymour/elysiandb/benchmark/elysian_bench.go:391.4,391.27 1 0
github.com/taymour/elysiandb/benchmark/elysian_bench.go:391.27,393.5 1 0
github.com/taymour/elysiandb/benchmark/elysian_bench.go:394.4,394.21 1 0
github.com/taymour/elysiandb/benchmark/elysian_bench.go:394.21,399.5 4 0
github.com/taymour/elysiandb/benchmark/elysian_bench.go:400.23,401.17 1 0
github.com/taymour/elysiandb/benchmark/elysian_bench.go:401.17,416.20 13 0
github.com/taymour/elysiandb/benchmark/elysian_bench.go:416.20,419.6 2 0
github.com/taymour/elysiandb/benchmark/elysian_bench.go:420.5,424.6 1 0
github.com/taymour/elysiandb/benchmark/elysian_bench.go:426.21,427.12 1 0
github.com/taymour/elysiandb/benchmark/elysian_bench.go:432.2,433.15 2 0
github.com/taymour/elysiandb/benchmark/elysian_bench.go:433.15,435.3 1 0
github.com/taymour/elysiandb/benchmark/elysian_bench.go:436.2,438.27 3 0
github.com/taymour/elysiandb/benchmark/elysian_bench.go:438.27,441.3 2 0
github.com/taymour/elysiandb/benchmark/elysian_bench.go:442.2,445.18 3 0
github.com/taymour/elysiandb/benchmark/elysian_bench.go:445.18,447.25 2 0
github.com/taymour/elysiandb/benchmark/elysian_bench.go:447.25,448.15 1 0
github.com/taymour/elysiandb/benchmark/elysian_bench.go:448.15,450.5 1 0
github.com/taymour/elysiandb/benchmark/elysian_bench.go:451.4,451.15 1 0
github.com/taymour/elysiandb/benchmark/elysian_bench.go:451.15,453.5 1 0
github.com/taymour/elysiandb/benchmark/elysian_bench.go:454.4,454.12 1 0
github.com/taymour/elysiandb/benchmark/elysian_bench.go:457.2,458.18 2 0
github.com/taymour/elysiandb/benchmark/elysian_bench.go:458.18,460.3 1 0
github.com/taymour/elysiandb/benchmark/elysian_bench.go:461.2,486.11 23 0
github.com/taymour/elysiandb/benchmark/elysian_bench.go:486.11,488.3 1 0
github.com/taymour/elysiandb/benchmark/elysian_bench.go:489.2,502.14 14 0
github.com/taymour/elysiandb/benchmark/elysian_bench.go:502.14,504.3 1 0
github.com/taymour/elysiandb/benchmark/elysian_bench.go:505.2,506.214 2 0
github.com/taymour/elysiandb/benchmark/elysian_bench.go:511.46,513.16 2 0
github.com/taymour/elysiandb/benchmark/elysian_bench.go:513.16,515.3 1 0
github.com/taymour/elysiandb/benchmark/elysian_bench.go:516.2,517.16 2 0
github.com/taymour/elysiandb/benchmark/elysian_bench.go:517.16,519.3 1 0
github.com/taymour/elysiandb/benchmark/elysian_bench.go:520.2,525.18 6 0
github.com/taymour/elysiandb/benchmark/elysian_bench.go:528.37,529.12 1 0
github.com/taymour/elysiandb/benchmark/elysian_bench.go:529.12,531.3 1 0
github.com/taymour/elysiandb/benchmark/elysian_bench.go:532.2,533.34 2 0
github.com/taymour/elysiandb/internal/globals/globals.go:9.41,11.2 1 0
github.com/taymour/elysiandb/internal/globals/globals.go:13.40,15.2 1 0
github.com/taymour/elysiandb/internal/boot/expiration.go:9.30,11.2 1 0
github.com/taymour/elysiandb/internal/boot/expiration.go:13.37,14.6 1 0
github.com/taymour/elysiandb/internal/boot/expiration.go:14.6,17.3 2 0
github.com/taymour/elysiandb/internal/boot/init.go:7.15,12.2 4 0
github.com/taymour/elysiandb/internal/boot/log.go:10.19,16.2 1 0
github.com/taymour/elysiandb/internal/boot/log.go:18.52,19.6 1 0
github.com/taymour/elysiandb/internal/boot/log.go:19.6,22.3 2 0
github.com/taymour/elysiandb/internal/boot/save.go:10.18,16.2 1 0
github.com/taymour/elysiandb/internal/boot/save.go:18.49,19.6 1 0
github.com/taymour/elysiandb/internal/boot/save.go:19.6,22.3 2 0
github.com/taymour/elysiandb/internal/boot/server.go:14.18,35.49 7 0
github.com/taymour/elysiandb/internal/boot/server.go:35.49,37.3 1 0
github.com/taymour/elysiandb/internal/boot/server.go:39.2,39.17 1 0
github.com/taymour/elysiandb/internal/boot/tcp.go:13.16,17.16 3 0
github.com/taymour/elysiandb/internal/boot/tcp.go:17.16,20.3 2 0
github.com/taymour/elysiandb/internal/boot/tcp.go:21.2,25.6 3 0
github.com/taymour/elysiandb/internal/boot/tcp.go:25.6,27.17 2 0
github.com/taymour/elysiandb/internal/boot/tcp.go:27.17,29.12 2 0
github.com/taymour/elysiandb/internal/boot/tcp.go:32.3,38.26 6 0
github.com/taymour/elysiandb/internal/boot/tcp.go:42.35,49.6 5 0
github.com/taymour/elysiandb/internal/boot/tcp.go:49.6,51.17 2 0
github.com/taymour/elysiandb/internal/boot/tcp.go:51.17,52.21 1 0
github.com/taymour/elysiandb/internal/boot/tcp.go:52.21,54.5 1 0
github.com/taymour/elysiandb/internal/boot/tcp.go:55.4,55.10 1 0
github.com/taymour/elysiandb/internal/boot/tcp.go:58.3,60.20 2 0
github.com/taymour/elysiandb/internal/boot/tcp.go:60.20,61.43 1 0
github.com/taymour/elysiandb/internal/boot/tcp.go:61.43,64.5 2 0
github.com/taymour/elysiandb/internal/boot/tcp.go:66.3,66.43 1 0
github.com/taymour/elysiandb/internal/boot/tcp.go:66.43,69.4 2 0
github.com/taymour/elysiandb/internal/boot/tcp.go:70.3,70.35 1 0
github.com/taymour/elysiandb/internal/boot/tcp.go:70.35,73.4 2 0
github.com/taymour/elysiandb/internal/encoding/encoder.go:5.42,10.2 3 0
github.com/taymour/elysiandb/internal/encoding/encoder.go:12.51,13.17 1 0
github.com/taymour/elysiandb/internal/encoding/encoder.go:13.17,15.3 1 0
github.com/taymour/elysiandb/internal/encoding/encoder.go:17.2,17.48 1 0
github.com/taymour/elysiandb/internal/configuration/loader.go:38.47,41.16 3 0
github.com/taymour/elysiandb/internal/configuration/loader.go:41.16,44.3 2 0
github.com/taymour/elysiandb/internal/configuration/loader.go:46.2,47.51 2 0
github.com/taymour/elysiandb/internal/configuration/loader.go:47.51,50.3 2 0
github.com/taymour/elysiandb/internal/configuration/loader.go:52.2,54.18 2 0
github.com/taymour/elysiandb/internal/transport/tcp/handler/delete_key.go:5.40,8.2 2 0
github.com/taymour/elysiandb/internal/transport/tcp/handler/get_key.go:5.37,8.32 2 0
github.com/taymour/elysiandb/internal/transport/tcp/handler/get_key.go:8.32,11.3 2 0
github.com/taymour/elysiandb/internal/transport/tcp/handler/get_key.go:13.2,14.16 2 0
github.com/taymour/elysiandb/internal/transport/tcp/handler/get_key.go:14.16,16.3 1 0
github.com/taymour/elysiandb/internal/transport/tcp/handler/get_key.go:18.2,18.13 1 0
github.com/taymour/elysiandb/internal/transport/tcp/handler/reset.go:5.27,8.2 2 0
github.com/taymour/elysiandb/internal/transport/tcp/handler/save.go:5.26,8.2 2 0
github.com/taymour/elysiandb/internal/transport/tcp/handler/set_key.go:9.46,17.13 6 0
github.com/taymour/elysiandb/internal/transport/tcp/handler/set_key.go:17.13,19.3 1 0
github.com/taymour/elysiandb/internal/transport/tcp/handler/set_key.go:19.8,21.3 1 0
github.com/taymour/elysiandb/internal/transport/tcp/handler/set_key.go:23.2,23.16 1 0
github.com/taymour/elysiandb/internal/transport/tcp/handler/set_key.go:23.16,26.3 2 0
github.com/taymour/elysiandb/internal/transport/tcp/handler/set_key.go:28.2,28.21 1 0
github.com/taymour/elysiandb/internal/routing/router.go:8.39,18.2 6 0
github.com/taymour/elysiandb/internal/log/log.go:26.32,28.2 1 0
github.com/taymour/elysiandb/internal/log/log.go:30.38,32.2 1 0
github.com/taymour/elysiandb/internal/log/log.go:34.35,36.2 1 0
github.com/taymour/elysiandb/internal/log/log.go:38.32,40.2 1 0
github.com/taymour/elysiandb/internal/log/log.go:42.33,44.2 1 0
github.com/taymour/elysiandb/internal/log/log.go:46.33,48.2 1 0
github.com/taymour/elysiandb/internal/log/log.go:50.39,53.2 2 0
github.com/taymour/elysiandb/internal/log/log.go:55.59,64.2 6 0
github.com/taymour/elysiandb/internal/log/log.go:66.65,73.2 4 0
github.com/taymour/elysiandb/internal/log/log.go:75.18,81.31 5 0
github.com/taymour/elysiandb/internal/log/log.go:81.31,83.3 1 0
github.com/taymour/elysiandb/internal/storage/init.go:16.15,27.2 7 0
github.com/taymour/elysiandb/internal/storage/init.go:29.70,33.16 3 0
github.com/taymour/elysiandb/internal/storage/init.go:33.16,35.3 1 0
github.com/taymour/elysiandb/internal/storage/init.go:37.2,37.29 1 0
github.com/taymour/elysiandb/internal/storage/init.go:37.29,39.3 1 0
github.com/taymour/elysiandb/internal/storage/init.go:41.2,41.18 1 0
github.com/taymour/elysiandb/internal/storage/init.go:44.38,46.16 2 0
github.com/taymour/elysiandb/internal/storage/init.go:46.16,48.3 1 0
github.com/taymour/elysiandb/internal/storage/init.go:50.2,57.17 6 0
github.com/taymour/elysiandb/internal/storage/init.go:60.34,61.50 1 0
github.com/taymour/elysiandb/internal/storage/init.go:61.50,63.3 1 0
github.com/taymour/elysiandb/internal/storage/init.go:66.45,68.53 2 0
github.com/taymour/elysiandb/internal/storage/init.go:68.53,70.17 2 0
github.com/taymour/elysiandb/internal/storage/init.go:70.17,72.4 1 0
github.com/taymour/elysiandb/internal/storage/init.go:73.3,74.21 2 0
github.com/taymour/elysiandb/internal/storage/init.go:78.43,79.39 1 0
github.com/taymour/elysiandb/internal/storage/init.go:79.39,81.3 1 0
github.com/taymour/elysiandb/internal/storage/init.go:82.2,82.50 1 0
github.com/taymour/elysiandb/internal/storage/init.go:85.50,87.2 1 0
github.com/taymour/elysiandb/internal/storage/init.go:89.66,92.13 2 0
github.com/taymour/elysiandb/internal/storage/init.go:92.13,95.3 2 0
github.com/taymour/elysiandb/internal/storage/init.go:97.2,97.12 1 0
github.com/taymour/elysiandb/internal/storage/init.go:100.30,103.2 2 0
github.com/taymour/elysiandb/internal/storage/init.go:105.19,109.2 3 0
github.com/taymour/elysiandb/internal/storage/init.go:111.38,114.9 3 0
github.com/taymour/elysiandb/internal/storage/init.go:114.9,117.3 2 0
github.com/taymour/elysiandb/internal/storage/init.go:119.2,127.29 6 0
github.com/taymour/elysiandb/internal/storage/init.go:127.29,129.3 1 0
github.com/taymour/elysiandb/internal/storage/init.go:131.2,133.33 3 0
github.com/taymour/elysiandb/internal/storage/init.go:136.37,140.9 4 0
github.com/taymour/elysiandb/internal/storage/init.go:140.9,142.3 1 0
github.com/taymour/elysiandb/internal/storage/init.go:144.2,144.35 1 0
github.com/taymour/elysiandb/internal/storage/init.go:147.25,150.45 3 0
github.com/taymour/elysiandb/internal/storage/init.go:150.45,152.3 1 0
github.com/taymour/elysiandb/internal/storage/init.go:154.2,156.31 2 0
github.com/taymour/elysiandb/internal/storage/init.go:156.31,157.28 1 0
github.com/taymour/elysiandb/internal/storage/init.go:157.28,159.4 1 0
github.com/taymour/elysiandb/internal/storage/read.go:13.61,17.16 3 0
github.com/taymour/elysiandb/internal/storage/read.go:17.16,19.3 1 0
github.com/taymour/elysiandb/internal/storage/read.go:21.2,28.25 5 0
github.com/taymour/elysiandb/internal/storage/read.go:28.25,30.3 1 0
github.com/taymour/elysiandb/internal/storage/read.go:32.2,32.57 1 0
github.com/taymour/elysiandb/internal/storage/read.go:32.57,34.3 1 0
github.com/taymour/elysiandb/internal/storage/read.go:36.2,36.18 1 0
github.com/taymour/elysiandb/internal/storage/read.go:39.73,43.16 3 0
github.com/taymour/elysiandb/internal/storage/read.go:43.16,45.3 1 0
github.com/taymour/elysiandb/internal/storage/read.go:46.2,49.16 3 0
github.com/taymour/elysiandb/internal/storage/read.go:49.16,51.3 1 0
github.com/taymour/elysiandb/internal/storage/read.go:52.2,52.21 1 0
github.com/taymour/elysiandb/internal/storage/read.go:52.21,54.3 1 0
github.com/taymour/elysiandb/internal/storage/read.go:56.2,57.52 2 0
github.com/taymour/elysiandb/internal/storage/read.go:57.52,59.3 1 0
github.com/taymour/elysiandb/internal/storage/read.go:61.2,62.27 2 0
github.com/taymour/elysiandb/internal/storage/read.go:62.27,64.17 2 0
github.com/taymour/elysiandb/internal/storage/read.go:64.17,65.12 1 0
github.com/taymour/elysiandb/internal/storage/read.go:67.3,68.15 2 0
github.com/taymour/elysiandb/internal/storage/read.go:71.2,71.17 1 0
github.com/taymour/elysiandb/internal/storage/store.go:28.52,37.2 3 0
github.com/taymour/elysiandb/internal/storage/store.go:39.60,40.25 1 0
github.com/taymour/elysiandb/internal/storage/store.go:40.25,42.3 1 0
github.com/taymour/elysiandb/internal/storage/store.go:44.2,46.14 3 0
github.com/taymour/elysiandb/internal/storage/store.go:46.14,49.3 2 0
github.com/taymour/elysiandb/internal/storage/store.go:50.2,57.20 6 0
github.com/taymour/elysiandb/internal/storage/store.go:57.20,59.3 1 0
github.com/taymour/elysiandb/internal/storage/store.go:60.2,60.25 1 0
github.com/taymour/elysiandb/internal/storage/store.go:60.25,62.3 1 0
github.com/taymour/elysiandb/internal/storage/store.go:63.2,64.15 2 0
github.com/taymour/elysiandb/internal/storage/store.go:67.58,71.30 3 0
github.com/taymour/elysiandb/internal/storage/store.go:71.30,76.3 4 0
github.com/taymour/elysiandb/internal/storage/store.go:77.2,79.15 2 0
github.com/taymour/elysiandb/internal/storage/store.go:82.64,83.25 1 0
github.com/taymour/elysiandb/internal/storage/store.go:83.25,85.3 1 0
github.com/taymour/elysiandb/internal/storage/store.go:88.47,92.9 4 0
github.com/taymour/elysiandb/internal/storage/store.go:92.9,94.3 1 0
github.com/taymour/elysiandb/internal/storage/store.go:96.2,102.14 6 0
github.com/taymour/elysiandb/internal/storage/store.go:102.14,104.28 2 0
github.com/taymour/elysiandb/internal/storage/store.go:104.28,105.16 1 0
github.com/taymour/elysiandb/internal/storage/store.go:105.16,107.10 2 0
github.com/taymour/elysiandb/internal/storage/store.go:110.3,113.12 3 0
github.com/taymour/elysiandb/internal/storage/store.go:113.12,115.26 2 0
github.com/taymour/elysiandb/internal/storage/store.go:115.26,117.5 1 0
github.com/taymour/elysiandb/internal/storage/store.go:118.4,118.17 1 0
github.com/taymour/elysiandb/internal/storage/store.go:121.2,121.22 1 0
github.com/taymour/elysiandb/internal/storage/store.go:124.39,129.2 4 0
github.com/taymour/elysiandb/internal/storage/store.go:143.24,152.25 3 0
github.com/taymour/elysiandb/internal/storage/store.go:152.25,154.3 1 0
github.com/taymour/elysiandb/internal/storage/store.go:156.2,158.10 2 0
github.com/taymour/elysiandb/internal/storage/store.go:161.25,162.36 1 0
github.com/taymour/elysiandb/internal/storage/store.go:162.36,167.3 4 0
github.com/taymour/elysiandb/internal/storage/store.go:168.2,168.22 1 0
github.com/taymour/elysiandb/internal/storage/store.go:171.44,174.2 2 0
github.com/taymour/elysiandb/internal/storage/store.go:176.48,181.9 5 0
github.com/taymour/elysiandb/internal/storage/store.go:181.9,183.3 1 0
github.com/taymour/elysiandb/internal/storage/store.go:185.2,185.16 1 0
github.com/taymour/elysiandb/internal/storage/store.go:188.47,197.2 7 0
github.com/taymour/elysiandb/internal/storage/store.go:199.33,205.2 5 0
github.com/taymour/elysiandb/internal/storage/store.go:207.54,208.36 1 0
github.com/taymour/elysiandb/internal/storage/store.go:208.36,211.26 3 0
github.com/taymour/elysiandb/internal/storage/store.go:211.26,215.4 3 0
github.com/taymour/elysiandb/internal/storage/store.go:217.3,217.18 1 0
github.com/taymour/elysiandb/internal/storage/store.go:221.48,222.24 1 0
github.com/taymour/elysiandb/internal/storage/store.go:222.24,229.3 6 0
github.com/taymour/elysiandb/internal/storage/store.go:230.2,230.21 1 0
github.com/taymour/elysiandb/internal/storage/store.go:233.43,235.37 2 0
github.com/taymour/elysiandb/internal/storage/store.go:235.37,237.3 1 0
github.com/taymour/elysiandb/internal/storage/store.go:239.2,239.15 1 0
github.com/taymour/elysiandb/internal/storage/write.go:12.18,15.67 2 0
github.com/taymour/elysiandb/internal/storage/write.go:15.67,17.3 1 0
github.com/taymour/elysiandb/internal/storage/write.go:19.2,19.93 1 0
github.com/taymour/elysiandb/internal/storage/write.go:19.93,21.3 1 0
github.com/taymour/elysiandb/internal/storage/write.go:24.121,25.38 1 0
github.com/taymour/elysiandb/internal/storage/write.go:25.38,27.3 1 0
github.com/taymour/elysiandb/internal/storage/write.go:29.2,34.16 4 0
github.com/taymour/elysiandb/internal/storage/write.go:34.16,37.3 2 0
github.com/taymour/elysiandb/internal/storage/write.go:38.2,44.57 4 0
github.com/taymour/elysiandb/internal/storage/write.go:44.57,47.3 2 0
github.com/taymour/elysiandb/internal/storage/write.go:49.2,51.12 2 0
github.com/taymour/elysiandb/internal/storage/write.go:54.87,55.24 1 0
github.com/taymour/elysiandb/internal/storage/write.go:55.24,57.3 1 0
github.com/taymour/elysiandb/internal/storage/write.go:59.2,64.16 4 0
github.com/taymour/elysiandb/internal/storage/write.go:64.16,67.3 2 0
github.com/taymour/elysiandb/internal/storage/write.go:68.2,74.51 4 0
github.com/taymour/elysiandb/internal/storage/write.go:74.51,77.3 2 0
github.com/taymour/elysiandb/internal/storage/write.go:79.2,81.12 2 0
github.com/taymour/elysiandb/internal/transport/http/controller/delete_key.go:10.52,14.2 3 0
github.com/taymour/elysiandb/internal/transport/http/controller/get_key.go:11.49,16.32 3 0
github.com/taymour/elysiandb/internal/transport/http/controller/get_key.go:16.32,20.3 3 0
github.com/taymour/elysiandb/internal/transport/http/controller/get_key.go:22.2,23.16 2 0
github.com/taymour/elysiandb/internal/transport/http/controller/get_key.go:23.16,26.3 2 0
github.com/taymour/elysiandb/internal/transport/http/controller/get_key.go:28.2,28.24 1 0
github.com/taymour/elysiandb/internal/transport/http/controller/health.go:9.49,11.2 1 0
github.com/taymour/elysiandb/internal/transport/http/controller/put_key.go:10.49,19.13 7 0
github.com/taymour/elysiandb/internal/transport/http/controller/put_key.go:19.13,21.3 1 0
github.com/taymour/elysiandb/internal/transport/http/controller/put_key.go:21.8,23.3 1 0
github.com/taymour/elysiandb/internal/transport/http/controller/put_key.go:25.2,25.16 1 0
github.com/taymour/elysiandb/internal/transport/http/controller/put_key.go:25.16,28.3 2 0
github.com/taymour/elysiandb/internal/transport/http/controller/put_key.go:30.2,30.41 1 0
github.com/taymour/elysiandb/internal/transport/http/controller/reset.go:10.48,15.2 3 0
github.com/taymour/elysiandb/internal/transport/http/controller/save.go:10.47,15.2 3 0
github.com/taymour/elysiandb/internal/transport/tcp/tcp_routing/route.go:11.48,14.9 2 0
github.com/taymour/elysiandb/internal/transport/tcp/tcp_routing/route.go:15.44,16.24 1 0
github.com/taymour/elysiandb/internal/transport/tcp/tcp_routing/route.go:18.44,20.28 2 0
github.com/taymour/elysiandb/internal/transport/tcp/tcp_routing/route.go:22.43,23.34 1 0
github.com/taymour/elysiandb/internal/transport/tcp/tcp_routing/route.go:25.43,27.39 2 0
github.com/taymour/elysiandb/internal/transport/tcp/tcp_routing/route.go:29.43,30.37 1 0
github.com/taymour/elysiandb/internal/transport/tcp/tcp_routing/route.go:32.45,33.31 1 0
github.com/taymour/elysiandb/internal/transport/tcp/tcp_routing/route.go:35.44,36.30 1 0
github.com/taymour/elysiandb/internal/transport/tcp/tcp_routing/route.go:39.2,41.22 2 0
github.com/taymour/elysiandb/internal/transport/tcp/tcp_routing/route.go:44.45,46.51 2 0
github.com/taymour/elysiandb/internal/transport/tcp/tcp_routing/route.go:46.51,48.28 2 0
github.com/taymour/elysiandb/internal/transport/tcp/tcp_routing/route.go:48.28,50.4 1 0
github.com/taymour/elysiandb/internal/transport/tcp/tcp_routing/route.go:52.3,54.13 2 0
github.com/taymour/elysiandb/internal/transport/tcp/tcp_routing/route.go:57.2,57.10 1 0
github.com/taymour/elysiandb/internal/transport/tcp/parsing/parser.go:7.50,9.56 2 0
github.com/taymour/elysiandb/internal/transport/tcp/parsing/parser.go:9.56,11.3 1 0
github.com/taymour/elysiandb/internal/transport/tcp/parsing/parser.go:12.2,15.50 3 0
github.com/taymour/elysiandb/internal/transport/tcp/parsing/parser.go:15.50,17.3 1 0
github.com/taymour/elysiandb/internal/transport/tcp/parsing/parser.go:18.2,20.48 2 0
github.com/taymour/elysiandb/internal/transport/tcp/parsing/parser.go:20.48,22.3 1 0
github.com/taymour/elysiandb/internal/transport/tcp/parsing/parser.go:23.2,25.50 2 0
github.com/taymour/elysiandb/internal/transport/tcp/parsing/parser.go:25.50,27.3 1 0
github.com/taymour/elysiandb/internal/transport/tcp/parsing/parser.go:28.2,29.8 2 0
github.com/taymour/elysiandb/internal/transport/tcp/parsing/parser.go:32.32,33.22 1 0
github.com/taymour/elysiandb/internal/transport/tcp/parsing/parser.go:33.22,35.3 1 0
github.com/taymour/elysiandb/internal/transport/tcp/parsing/parser.go:37.2,37.19 1 0
github.com/taymour/elysiandb/internal/transport/tcp/parsing/parser.go:37.19,39.29 2 0
github.com/taymour/elysiandb/internal/transport/tcp/parsing/parser.go:39.29,41.4 1 0
github.com/taymour/elysiandb/internal/transport/tcp/parsing/parser.go:42.3,42.29 1 0
github.com/taymour/elysiandb/internal/transport/tcp/parsing/parser.go:42.29,44.4 1 0
github.com/taymour/elysiandb/internal/transport/tcp/parsing/parser.go:45.3,45.15 1 0
github.com/taymour/elysiandb/internal/transport/tcp/parsing/parser.go:45.15,47.4 1 0
github.com/taymour/elysiandb/internal/transport/tcp/parsing/parser.go:50.2,50.13 1 0
github.com/taymour/elysiandb/internal/transport/tcp/parsing/parser.go:53.47,54.17 1 0
github.com/taymour/elysiandb/internal/transport/tcp/parsing/parser.go:54.17,56.3 1 0
github.com/taymour/elysiandb/internal/transport/tcp/parsing/parser.go:58.2,62.22 4 0
github.com/taymour/elysiandb/internal/transport/tcp/parsing/parser.go:62.22,63.25 1 0
github.com/taymour/elysiandb/internal/transport/tcp/parsing/parser.go:63.25,64.9 1 0
github.com/taymour/elysiandb/internal/transport/tcp/parsing/parser.go:67.3,69.57 2 0
github.com/taymour/elysiandb/internal/transport/tcp/parsing/parser.go:69.57,71.4 1 0
github.com/taymour/elysiandb/internal/transport/tcp/parsing/parser.go:73.3,74.9 2 0
github.com/taymour/elysiandb/internal/transport/tcp/parsing/parser.go:77.2,77.15 1 0
github.com/taymour/elysiandb/internal/transport/tcp/parsing/parser.go:77.15,79.3 1 0
github.com/taymour/elysiandb/internal/transport/tcp/parsing/parser.go:81.2,81.15 1 0
github.com/taymour/elysiandb/elysiandb.go:12.13,23.16 3 0
github.com/taymour/elysiandb/elysiandb.go:23.16,26.3 2 0
github.com/taymour/elysiandb/elysiandb.go:28.2,36.29 5 0
github.com/taymour/elysiandb/elysiandb.go:36.29,38.3 1 0
github.com/taymour/elysiandb/elysiandb.go:40.2,40.28 1 0
github.com/taymour/elysiandb/elysiandb.go:40.28,42.3 1 0
github.com/taymour/elysiandb/elysiandb.go:45.2,45.9 1 0
github.com/taymour/elysiandb/benchmark/elysian_bench.go:39.41,42.24 3 0
github.com/taymour/elysiandb/benchmark/elysian_bench.go:42.24,44.3 1 0
github.com/taymour/elysiandb/benchmark/elysian_bench.go:45.2,45.15 1 0
github.com/taymour/elysiandb/benchmark/elysian_bench.go:48.46,54.2 5 0
github.com/taymour/elysiandb/benchmark/elysian_bench.go:56.52,57.15 1 0
github.com/taymour/elysiandb/benchmark/elysian_bench.go:57.15,59.3 1 0
github.com/taymour/elysiandb/benchmark/elysian_bench.go:60.2,62.9 3 0
github.com/taymour/elysiandb/benchmark/elysian_bench.go:63.20,64.47 1 0
github.com/taymour/elysiandb/benchmark/elysian_bench.go:65.18,66.45 1 0
github.com/taymour/elysiandb/benchmark/elysian_bench.go:67.16,68.41 1 0
github.com/taymour/elysiandb/benchmark/elysian_bench.go:69.10,70.38 1 0
github.com/taymour/elysiandb/benchmark/elysian_bench.go:74.62,75.18 1 0
github.com/taymour/elysiandb/benchmark/elysian_bench.go:75.18,77.3 1 0
github.com/taymour/elysiandb/benchmark/elysian_bench.go:78.2,78.37 1 0
github.com/taymour/elysiandb/benchmark/elysian_bench.go:78.37,78.61 1 0
github.com/taymour/elysiandb/benchmark/elysian_bench.go:79.2,80.13 2 0
github.com/taymour/elysiandb/benchmark/elysian_bench.go:80.13,82.3 1 0
github.com/taymour/elysiandb/benchmark/elysian_bench.go:83.2,83.20 1 0
github.com/taymour/elysiandb/benchmark/elysian_bench.go:83.20,85.3 1 0
github.com/taymour/elysiandb/benchmark/elysian_bench.go:86.2,86.16 1 0
github.com/taymour/elysiandb/benchmark/elysian_bench.go:89.44,90.11 1 0
github.com/taymour/elysiandb/benchmark/elysian_bench.go:90.11,92.3 1 0
github.com/taymour/elysiandb/benchmark/elysian_bench.go:93.2,93.11 1 0
github.com/taymour/elysiandb/benchmark/elysian_bench.go:93.11,95.3 1 0
github.com/taymour/elysiandb/benchmark/elysian_bench.go:96.2,97.18 2 0
github.com/taymour/elysiandb/benchmark/elysian_bench.go:97.18,99.3 1 0
github.com/taymour/elysiandb/benchmark/elysian_bench.go:100.2,100.72 1 0
github.com/taymour/elysiandb/benchmark/elysian_bench.go:103.29,104.12 1 0
github.com/taymour/elysiandb/benchmark/elysian_bench.go:104.12,106.3 1 0
github.com/taymour/elysiandb/benchmark/elysian_bench.go:107.2,108.19 2 0
github.com/taymour/elysiandb/benchmark/elysian_bench.go:108.19,110.3 1 0
github.com/taymour/elysiandb/benchmark/elysian_bench.go:111.2,111.10 1 0
github.com/taymour/elysiandb/benchmark/elysian_bench.go:114.31,117.2 2 0
github.com/taymour/elysiandb/benchmark/elysian_bench.go:119.13,140.14 19 0
github.com/taymour/elysiandb/benchmark/elysian_bench.go:140.14,142.3 1 0
github.com/taymour/elysiandb/benchmark/elysian_bench.go:142.8,144.3 1 0
github.com/taymour/elysiandb/benchmark/elysian_bench.go:145.2,146.11 2 0
github.com/taymour/elysiandb/benchmark/elysian_bench.go:146.11,149.3 2 0
github.com/taymour/elysiandb/benchmark/elysian_bench.go:149.8,151.3 1 0
github.com/taymour/elysiandb/benchmark/elysian_bench.go:152.2,154.11 3 0
github.com/taymour/elysiandb/benchmark/elysian_bench.go:154.11,156.3 1 0
github.com/taymour/elysiandb/benchmark/elysian_bench.go:157.2,161.26 3 0
github.com/taymour/elysiandb/benchmark/elysian_bench.go:161.26,168.30 7 0
github.com/taymour/elysiandb/benchmark/elysian_bench.go:168.30,170.4 1 0
github.com/taymour/elysiandb/benchmark/elysian_bench.go:171.3,172.27 2 0
github.com/taymour/elysiandb/benchmark/elysian_bench.go:172.27,174.14 2 0
github.com/taymour/elysiandb/benchmark/elysian_bench.go:174.14,177.19 3 0
github.com/taymour/elysiandb/benchmark/elysian_bench.go:177.19,180.6 2 0
github.com/taymour/elysiandb/benchmark/elysian_bench.go:181.5,184.23 4 0
github.com/taymour/elysiandb/benchmark/elysian_bench.go:184.23,186.51 2 0
github.com/taymour/elysiandb/benchmark/elysian_bench.go:186.51,189.7 2 0
github.com/taymour/elysiandb/benchmark/elysian_bench.go:190.6,190.38 1 0
github.com/taymour/elysiandb/benchmark/elysian_bench.go:190.38,193.7 2 0
github.com/taymour/elysiandb/benchmark/elysian_bench.go:194.6,194.49 1 0
github.com/taymour/elysiandb/benchmark/elysian_bench.go:194.49,197.7 2 0
github.com/taymour/elysiandb/benchmark/elysian_bench.go:201.3,203.37 3 0
github.com/taymour/elysiandb/benchmark/elysian_bench.go:203.37,205.4 1 0
github.com/taymour/elysiandb/benchmark/elysian_bench.go:205.9,207.4 1 0
github.com/taymour/elysiandb/benchmark/elysian_bench.go:208.3,208.16 1 0
github.com/taymour/elysiandb/benchmark/elysian_bench.go:211.2,212.14 2 0
github.com/taymour/elysiandb/benchmark/elysian_bench.go:212.14,214.3 1 0
github.com/taymour/elysiandb/benchmark/elysian_bench.go:216.2,228.28 9 0
github.com/taymour/elysiandb/benchmark/elysian_bench.go:228.28,230.19 2 0
github.com/taymour/elysiandb/benchmark/elysian_bench.go:230.19,233.18 3 0
github.com/taymour/elysiandb/benchmark/elysian_bench.go:233.18,236.5 2 0
github.com/taymour/elysiandb/benchmark/elysian_bench.go:237.4,241.8 4 0
github.com/taymour/elysiandb/benchmark/elysian_bench.go:241.8,242.12 1 0
github.com/taymour/elysiandb/benchmark/elysian_bench.go:243.23,244.12 1 0
github.com/taymour/elysiandb/benchmark/elysian_bench.go:245.13,245.13 0 0
github.com/taymour/elysiandb/benchmark/elysian_bench.go:247.5,247.20 1 0
github.com/taymour/elysiandb/benchmark/elysian_bench.go:247.20,249.6 1 0
github.com/taymour/elysiandb/benchmark/elysian_bench.go:251.5,251.14 1 0
github.com/taymour/elysiandb/benchmark/elysian_bench.go:251.14,254.6 2 0
github.com/taymour/elysiandb/benchmark/elysian_bench.go:254.6,258.22 4 0
github.com/taymour/elysiandb/benchmark/elysian_bench.go:258.22,260.8 1 0
github.com/taymour/elysiandb/benchmark/elysian_bench.go:261.7,261.22 1 0
github.com/taymour/elysiandb/benchmark/elysian_bench.go:261.22,263.16 2 0
github.com/taymour/elysiandb/benchmark/elysian_bench.go:265.7,269.22 4 0
github.com/taymour/elysiandb/benchmark/elysian_bench.go:269.22,270.26 1 0
github.com/taymour/elysiandb/benchmark/elysian_bench.go:270.26,272.9 1 0
github.com/taymour/elysiandb/benchmark/elysian_bench.go:272.14,274.9 1 0
github.com/taymour/elysiandb/benchmark/elysian_bench.go:275.8,276.14 2 0
github.com/taymour/elysiandb/benchmark/elysian_bench.go:278.7,279.77 2 0
github.com/taymour/elysiandb/benchmark/elysian_bench.go:279.77,281.8 1 0
github.com/taymour/elysiandb/benchmark/elysian_bench.go:282.7,282.21 1 0
github.com/taymour/elysiandb/benchmark/elysian_bench.go:285.6,289.22 4 0
github.com/taymour/elysiandb/benchmark/elysian_bench.go:289.22,291.8 1 0
github.com/taymour/elysiandb/benchmark/elysian_bench.go:292.7,292.22 1 0
github.com/taymour/elysiandb/benchmark/elysian_bench.go:292.22,294.16 2 0
github.com/taymour/elysiandb/benchmark/elysian_bench.go:296.7,300.22 4 0
github.com/taymour/elysiandb/benchmark/elysian_bench.go:300.22,301.26 1 0
github.com/taymour/elysiandb/benchmark/elysian_bench.go:301.26,303.9 1 0
github.com/taymour/elysiandb/benchmark/elysian_bench.go:303.14,305.9 1 0
github.com/taymour/elysiandb/benchmark/elysian_bench.go:306.8,307.14 2 0
github.com/taymour/elysiandb/benchmark/elysian_bench.go:309.7,310.87 2 0
github.com/taymour/elysiandb/benchmark/elysian_bench.go:310.87,312.8 1 0
github.com/taymour/elysiandb/benchmark/elysian_bench.go:313.7,313.21 1 0
github.com/taymour/elysiandb/benchmark/elysian_bench.go:315.6,315.14 1 0
github.com/taymour/elysiandb/benchmark/elysian_bench.go:318.5,319.36 2 0
github.com/taymour/elysiandb/benchmark/elysian_bench.go:319.36,321.6 1 0
github.com/taymour/elysiandb/benchmark/elysian_bench.go:322.5,324.20 3 0
github.com/taymour/elysiandb/benchmark/elysian_bench.go:324.20,326.6 1 0
github.com/taymour/elysiandb/benchmark/elysian_bench.go:326.11,328.6 1 0
github.com/taymour/elysiandb/benchmark/elysian_bench.go:330.5,332.20 3 0
github.com/taymour/elysiandb/benchmark/elysian_bench.go:332.20,334.6 1 0
github.com/taymour/elysiandb/benchmark/elysian_bench.go:335.5,335.20 1 0
github.com/taymour/elysiandb/benchmark/elysian_bench.go:335.20,337.14 2 0
github.com/taymour/elysiandb/benchmark/elysian_bench.go:339.5,343.20 4 0
github.com/taymour/elysiandb/benchmark/elysian_bench.go:343.20,344.24 1 0
github.com/taymour/elysiandb/benchmark/elysian_bench.go:344.24,346.7 1 0
github.com/taymour/elysiandb/benchmark/elysian_bench.go:346.12,348.7 1 0
github.com/taymour/elysiandb/benchmark/elysian_bench.go:349.6,350.12 2 0
github.com/taymour/elysiandb/benchmark/elysian_bench.go:352.5,354.20 2 0
github.com/taymour/elysiandb/benchmark/elysian_bench.go:354.20,355.86 1 0
github.com/taymour/elysiandb/benchmark/elysian_bench.go:355.86,357.7 1 0
github.com/taymour/elysiandb/benchmark/elysian_bench.go:358.11,359.76 1 0
github.com/taymour/elysiandb/benchmark/elysian_bench.go:359.76,361.7 1 0
github.com/taymour/elysiandb/benchmark/elysian_bench.go:363.5,363.19 1 0
github.com/taymour/elysiandb/benchmark/elysian_bench.go:368.2,374.12 5 0
github.com/taymour/elysiandb/benchmark/elysian_bench.go:374.12,377.3 2 0
github.com/taymour/elysiandb/benchmark/elysian_bench.go:379.2,379.6 1 0
github.com/taymour/elysiandb/benchmark/elysian_bench.go:379.6,380.10 1 0
github.com/taymour/elysiandb/benchmark/elysian_bench.go:381.27,382.11 1 0
github.com/taymour/elysiandb/benchmark/elysian_bench.go:382.11,383.13 1 0
github.com/taymour/elysiandb/benchmark/elysian_bench.go:385.4,388.46 4 0
github.com/taymour/elysiandb/benchmark/elysian_bench.go:388.46,390.5 1 0
github.com/taymour/elysiandb/benchmark/elysian_bench.go:391.4,391.27 1 0
github.com/taymour/elysiandb/benchmark/elysian_bench.go:391.27,393.5 1 0
github.com/taymour/elysiandb/benchmark/elysian_bench.go:394.4,394.21 1 0
github.com/taymour/elysiandb/benchmark/elysian_bench.go:394.21,399.5 4 0
github.com/taymour/elysiandb/benchmark/elysian_bench.go:400.23,401.17 1 0
github.com/taymour/elysiandb/benchmark/elysian_bench.go:401.17,416.20 13 0
github.com/taymour/elysiandb/benchmark/elysian_bench.go:416.20,419.6 2 0
github.com/taymour/elysiandb/benchmark/elysian_bench.go:420.5,424.6 1 0
github.com/taymour/elysiandb/benchmark/elysian_bench.go:426.21,427.12 1 0
github.com/taymour/elysiandb/benchmark/elysian_bench.go:432.2,433.15 2 0
github.com/taymour/elysiandb/benchmark/elysian_bench.go:433.15,435.3 1 0
github.com/taymour/elysiandb/benchmark/elysian_bench.go:436.2,438.27 3 0
github.com/taymour/elysiandb/benchmark/elysian_bench.go:438.27,441.3 2 0
github.com/taymour/elysiandb/benchmark/elysian_bench.go:442.2,445.18 3 0
github.com/taymour/elysiandb/benchmark/elysian_bench.go:445.18,447.25 2 0
github.com/taymour/elysiandb/benchmark/elysian_bench.go:447.25,448.15 1 0
github.com/taymour/elysiandb/benchmark/elysian_bench.go:448.15,450.5 1 0
github.com/taymour/elysiandb/benchmark/elysian_bench.go:451.4,451.15 1 0
github.com/taymour/elysiandb/benchmark/elysian_bench.go:451.15,453.5 1 0
github.com/taymour/elysiandb/benchmark/elysian_bench.go:454.4,454.12 1 0
github.com/taymour/elysiandb/benchmark/elysian_bench.go:457.2,458.18 2 0
github.com/taymour/elysiandb/benchmark/elysian_bench.go:458.18,460.3 1 0
github.com/taymour/elysiandb/benchmark/elysian_bench.go:461.2,486.11 23 0
github.com/taymour/elysiandb/benchmark/elysian_bench.go:486.11,488.3 1 0
github.com/taymour/elysiandb/benchmark/elysian_bench.go:489.2,502.14 14 0
github.com/taymour/elysiandb/benchmark/elysian_bench.go:502.14,504.3 1 0
github.com/taymour/elysiandb/benchmark/elysian_bench.go:505.2,506.214 2 0
github.com/taymour/elysiandb/benchmark/elysian_bench.go:511.46,513.16 2 0
github.com/taymour/elysiandb/benchmark/elysian_bench.go:513.16,515.3 1 0
github.com/taymour/elysiandb/benchmark/elysian_bench.go:516.2,517.16 2 0
github.com/taymour/elysiandb/benchmark/elysian_bench.go:517.16,519.3 1 0
github.com/taymour/elysiandb/benchmark/elysian_bench.go:520.2,525.18 6 0
github.com/taymour/elysiandb/benchmark/elysian_bench.go:528.37,529.12 1 0
github.com/taymour/elysiandb/benchmark/elysian_bench.go:529.12,531.3 1 0
github.com/taymour/elysiandb/benchmark/elysian_bench.go:532.2,533.34 2 0
github.com/taymour/elysiandb/internal/boot/expiration.go:9.30,11.2 1 0
github.com/taymour/elysiandb/internal/boot/expiration.go:13.37,14.6 1 0
github.com/taymour/elysiandb/internal/boot/expiration.go:14.6,17.3 2 0
github.com/taymour/elysiandb/internal/boot/init.go:7.15,12.2 4 0
github.com/taymour/elysiandb/internal/boot/log.go:10.19,16.2 1 0
github.com/taymour/elysiandb/internal/boot/log.go:18.52,19.6 1 0
github.com/taymour/elysiandb/internal/boot/log.go:19.6,22.3 2 0
github.com/taymour/elysiandb/internal/boot/save.go:10.18,16.2 1 0
github.com/taymour/elysiandb/internal/boot/save.go:18.49,19.6 1 0
github.com/taymour/elysiandb/internal/boot/save.go:19.6,22.3 2 0
github.com/taymour/elysiandb/internal/boot/server.go:14.18,35.49 7 0
github.com/taymour/elysiandb/internal/boot/server.go:35.49,37.3 1 0
github.com/taymour/elysiandb/internal/boot/server.go:39.2,39.17 1 0
github.com/taymour/elysiandb/internal/boot/tcp.go:13.16,17.16 3 0
github.com/taymour/elysiandb/internal/boot/tcp.go:17.16,20.3 2 0
github.com/taymour/elysiandb/internal/boot/tcp.go:21.2,25.6 3 0
github.com/taymour/elysiandb/internal/boot/tcp.go:25.6,27.17 2 0
github.com/taymour/elysiandb/internal/boot/tcp.go:27.17,29.12 2 0
github.com/taymour/elysiandb/internal/boot/tcp.go:32.3,38.26 6 0
github.com/taymour/elysiandb/internal/boot/tcp.go:42.35,49.6 5 0
github.com/taymour/elysiandb/internal/boot/tcp.go:49.6,51.17 2 0
github.com/taymour/elysiandb/internal/boot/tcp.go:51.17,52.21 1 0
github.com/taymour/elysiandb/internal/boot/tcp.go:52.21,54.5 1 0
github.com/taymour/elysiandb/internal/boot/tcp.go:55.4,55.10 1 0
github.com/taymour/elysiandb/internal/boot/tcp.go:58.3,60.20 2 0
github.com/taymour/elysiandb/internal/boot/tcp.go:60.20,61.43 1 0
github.com/taymour/elysiandb/internal/boot/tcp.go:61.43,64.5 2 0
github.com/taymour/elysiandb/internal/boot/tcp.go:66.3,66.43 1 0
github.com/taymour/elysiandb/internal/boot/tcp.go:66.43,69.4 2 0
github.com/taymour/elysiandb/internal/boot/tcp.go:70.3,70.35 1 0
github.com/taymour/elysiandb/internal/boot/tcp.go:70.35,73.4 2 0
github.com/taymour/elysiandb/internal/configuration/loader.go:38.47,41.16 3 0
github.com/taymour/elysiandb/internal/configuration/loader.go:41.16,44.3 2 0
github.com/taymour/elysiandb/internal/configuration/loader.go:46.2,47.51 2 0
github.com/taymour/elysiandb/internal/configuration/loader.go:47.51,50.3 2 0
github.com/taymour/elysiandb/internal/configuration/loader.go:52.2,54.18 2 0
github.com/taymour/elysiandb/internal/encoding/encoder.go:5.42,10.2 3 0
github.com/taymour/elysiandb/internal/encoding/encoder.go:12.51,13.17 1 0
github.com/taymour/elysiandb/internal/encoding/encoder.go:13.17,15.3 1 0
github.com/taymour/elysiandb/internal/encoding/encoder.go:17.2,17.48 1 0
github.com/taymour/elysiandb/internal/globals/globals.go:9.41,11.2 1 3
github.com/taymour/elysiandb/internal/globals/globals.go:13.40,15.2 1 12
github.com/taymour/elysiandb/internal/log/log.go:26.32,28.2 1 3
github.com/taymour/elysiandb/internal/log/log.go:30.38,32.2 1 0
github.com/taymour/elysiandb/internal/log/log.go:34.35,36.2 1 0
github.com/taymour/elysiandb/internal/log/log.go:38.32,40.2 1 0
github.com/taymour/elysiandb/internal/log/log.go:42.33,44.2 1 0
github.com/taymour/elysiandb/internal/log/log.go:46.33,48.2 1 0
github.com/taymour/elysiandb/internal/log/log.go:50.39,53.2 2 0
github.com/taymour/elysiandb/internal/log/log.go:55.59,64.2 6 3
github.com/taymour/elysiandb/internal/log/log.go:66.65,73.2 4 0
github.com/taymour/elysiandb/internal/log/log.go:75.18,81.31 5 0
github.com/taymour/elysiandb/internal/log/log.go:81.31,83.3 1 0
github.com/taymour/elysiandb/internal/routing/router.go:8.39,18.2 6 3
github.com/taymour/elysiandb/internal/storage/init.go:16.15,27.2 7 3
github.com/taymour/elysiandb/internal/storage/init.go:29.70,33.16 3 3
github.com/taymour/elysiandb/internal/storage/init.go:33.16,35.3 1 0
github.com/taymour/elysiandb/internal/storage/init.go:37.2,37.29 1 3
github.com/taymour/elysiandb/internal/storage/init.go:37.29,39.3 1 0
github.com/taymour/elysiandb/internal/storage/init.go:41.2,41.18 1 3
github.com/taymour/elysiandb/internal/storage/init.go:44.38,46.16 2 3
github.com/taymour/elysiandb/internal/storage/init.go:46.16,48.3 1 0
github.com/taymour/elysiandb/internal/storage/init.go:50.2,57.17 6 3
github.com/taymour/elysiandb/internal/storage/init.go:60.34,61.50 1 3
github.com/taymour/elysiandb/internal/storage/init.go:61.50,63.3 1 0
github.com/taymour/elysiandb/internal/storage/init.go:66.45,68.53 2 6
github.com/taymour/elysiandb/internal/storage/init.go:68.53,70.17 2 6
github.com/taymour/elysiandb/internal/storage/init.go:70.17,72.4 1 0
github.com/taymour/elysiandb/internal/storage/init.go:73.3,74.21 2 6
github.com/taymour/elysiandb/internal/storage/init.go:78.43,79.39 1 2
github.com/taymour/elysiandb/internal/storage/init.go:79.39,81.3 1 1
github.com/taymour/elysiandb/internal/storage/init.go:82.2,82.50 1 1
github.com/taymour/elysiandb/internal/storage/init.go:85.50,87.2 1 1
github.com/taymour/elysiandb/internal/storage/init.go:89.66,92.13 2 2
github.com/taymour/elysiandb/internal/storage/init.go:92.13,95.3 2 1
github.com/taymour/elysiandb/internal/storage/init.go:97.2,97.12 1 2
github.com/taymour/elysiandb/internal/storage/init.go:100.30,103.2 2 1
github.com/taymour/elysiandb/internal/storage/init.go:105.19,109.2 3 0
github.com/taymour/elysiandb/internal/storage/init.go:111.38,114.9 3 0
github.com/taymour/elysiandb/internal/storage/init.go:114.9,117.3 2 0
github.com/taymour/elysiandb/internal/storage/init.go:119.2,127.29 6 0
github.com/taymour/elysiandb/internal/storage/init.go:127.29,129.3 1 0
github.com/taymour/elysiandb/internal/storage/init.go:131.2,133.33 3 0
github.com/taymour/elysiandb/internal/storage/init.go:136.37,140.9 4 3
github.com/taymour/elysiandb/internal/storage/init.go:140.9,142.3 1 2
github.com/taymour/elysiandb/internal/storage/init.go:144.2,144.35 1 1
github.com/taymour/elysiandb/internal/storage/init.go:147.25,150.45 3 3
github.com/taymour/elysiandb/internal/storage/init.go:150.45,152.3 1 0
github.com/taymour/elysiandb/internal/storage/init.go:154.2,156.31 2 3
github.com/taymour/elysiandb/internal/storage/init.go:156.31,157.28 1 0
github.com/taymour/elysiandb/internal/storage/init.go:157.28,159.4 1 0
github.com/taymour/elysiandb/internal/storage/read.go:13.61,17.16 3 3
github.com/taymour/elysiandb/internal/storage/read.go:17.16,19.3 1 0
github.com/taymour/elysiandb/internal/storage/read.go:21.2,28.25 5 3
github.com/taymour/elysiandb/internal/storage/read.go:28.25,30.3 1 0
github.com/taymour/elysiandb/internal/storage/read.go:32.2,32.57 1 3
github.com/taymour/elysiandb/internal/storage/read.go:32.57,34.3 1 0
github.com/taymour/elysiandb/internal/storage/read.go:36.2,36.18 1 3
github.com/taymour/elysiandb/internal/storage/read.go:39.73,43.16 3 3
github.com/taymour/elysiandb/internal/storage/read.go:43.16,45.3 1 0
github.com/taymour/elysiandb/internal/storage/read.go:46.2,49.16 3 3
github.com/taymour/elysiandb/internal/storage/read.go:49.16,51.3 1 0
github.com/taymour/elysiandb/internal/storage/read.go:52.2,52.21 1 3
github.com/taymour/elysiandb/internal/storage/read.go:52.21,54.3 1 0
github.com/taymour/elysiandb/internal/storage/read.go:56.2,57.52 2 3
github.com/taymour/elysiandb/internal/storage/read.go:57.52,59.3 1 0
github.com/taymour/elysiandb/internal/storage/read.go:61.2,62.27 2 3
github.com/taymour/elysiandb/internal/storage/read.go:62.27,64.17 2 0
github.com/taymour/elysiandb/internal/storage/read.go:64.17,65.12 1 0
github.com/taymour/elysiandb/internal/storage/read.go:67.3,68.15 2 0
github.com/taymour/elysiandb/internal/storage/read.go:71.2,71.17 1 3
github.com/taymour/elysiandb/internal/storage/store.go:28.52,37.2 3 3
github.com/taymour/elysiandb/internal/storage/store.go:39.60,40.25 1 1
github.com/taymour/elysiandb/internal/storage/store.go:40.25,42.3 1 1
github.com/taymour/elysiandb/internal/storage/store.go:44.2,46.14 3 1
github.com/taymour/elysiandb/internal/storage/store.go:46.14,49.3 2 1
github.com/taymour/elysiandb/internal/storage/store.go:50.2,57.20 6 1
github.com/taymour/elysiandb/internal/storage/store.go:57.20,59.3 1 0
github.com/taymour/elysiandb/internal/storage/store.go:60.2,60.25 1 1
github.com/taymour/elysiandb/internal/storage/store.go:60.25,62.3 1 1
github.com/taymour/elysiandb/internal/storage/store.go:63.2,64.15 2 1
github.com/taymour/elysiandb/internal/storage/store.go:67.58,71.30 3 0
github.com/taymour/elysiandb/internal/storage/store.go:71.30,76.3 4 0
github.com/taymour/elysiandb/internal/storage/store.go:77.2,79.15 2 0
github.com/taymour/elysiandb/internal/storage/store.go:82.64,83.25 1 0
github.com/taymour/elysiandb/internal/storage/store.go:83.25,85.3 1 0
github.com/taymour/elysiandb/internal/storage/store.go:88.47,92.9 4 2
github.com/taymour/elysiandb/internal/storage/store.go:92.9,94.3 1 1
github.com/taymour/elysiandb/internal/storage/store.go:96.2,102.14 6 1
github.com/taymour/elysiandb/internal/storage/store.go:102.14,104.28 2 1
github.com/taymour/elysiandb/internal/storage/store.go:104.28,105.16 1 1
github.com/taymour/elysiandb/internal/storage/store.go:105.16,107.10 2 1
github.com/taymour/elysiandb/internal/storage/store.go:110.3,113.12 3 1
github.com/taymour/elysiandb/internal/storage/store.go:113.12,115.26 2 1
github.com/taymour/elysiandb/internal/storage/store.go:115.26,117.5 1 1
github.com/taymour/elysiandb/internal/storage/store.go:118.4,118.17 1 1
github.com/taymour/elysiandb/internal/storage/store.go:121.2,121.22 1 1
github.com/taymour/elysiandb/internal/storage/store.go:124.39,129.2 4 0
github.com/taymour/elysiandb/internal/storage/store.go:143.24,152.25 3 3
github.com/taymour/elysiandb/internal/storage/store.go:152.25,154.3 1 24
github.com/taymour/elysiandb/internal/storage/store.go:156.2,158.10 2 3
github.com/taymour/elysiandb/internal/storage/store.go:161.25,162.36 1 0
github.com/taymour/elysiandb/internal/storage/store.go:162.36,167.3 4 0
github.com/taymour/elysiandb/internal/storage/store.go:168.2,168.22 1 0
github.com/taymour/elysiandb/internal/storage/store.go:171.44,174.2 2 5
github.com/taymour/elysiandb/internal/storage/store.go:176.48,181.9 5 2
github.com/taymour/elysiandb/internal/storage/store.go:181.9,183.3 1 1
github.com/taymour/elysiandb/internal/storage/store.go:185.2,185.16 1 1
github.com/taymour/elysiandb/internal/storage/store.go:188.47,197.2 7 2
github.com/taymour/elysiandb/internal/storage/store.go:199.33,205.2 5 1
github.com/taymour/elysiandb/internal/storage/store.go:207.54,208.36 1 0
github.com/taymour/elysiandb/internal/storage/store.go:208.36,211.26 3 0
github.com/taymour/elysiandb/internal/storage/store.go:211.26,215.4 3 0
github.com/taymour/elysiandb/internal/storage/store.go:217.3,217.18 1 0
github.com/taymour/elysiandb/internal/storage/store.go:221.48,222.24 1 3
github.com/taymour/elysiandb/internal/storage/store.go:222.24,229.3 6 0
github.com/taymour/elysiandb/internal/storage/store.go:230.2,230.21 1 3
github.com/taymour/elysiandb/internal/storage/store.go:233.43,235.37 2 0
github.com/taymour/elysiandb/internal/storage/store.go:235.37,237.3 1 0
github.com/taymour/elysiandb/internal/storage/store.go:239.2,239.15 1 0
github.com/taymour/elysiandb/internal/storage/write.go:12.18,15.67 2 0
github.com/taymour/elysiandb/internal/storage/write.go:15.67,17.3 1 0
github.com/taymour/elysiandb/internal/storage/write.go:19.2,19.93 1 0
github.com/taymour/elysiandb/internal/storage/write.go:19.93,21.3 1 0
github.com/taymour/elysiandb/internal/storage/write.go:24.121,25.38 1 0
github.com/taymour/elysiandb/internal/storage/write.go:25.38,27.3 1 0
github.com/taymour/elysiandb/internal/storage/write.go:29.2,34.16 4 0
github.com/taymour/elysiandb/internal/storage/write.go:34.16,37.3 2 0
github.com/taymour/elysiandb/internal/storage/write.go:38.2,44.57 4 0
github.com/taymour/elysiandb/internal/storage/write.go:44.57,47.3 2 0
github.com/taymour/elysiandb/internal/storage/write.go:49.2,51.12 2 0
github.com/taymour/elysiandb/internal/storage/write.go:54.87,55.24 1 0
github.com/taymour/elysiandb/internal/storage/write.go:55.24,57.3 1 0
github.com/taymour/elysiandb/internal/storage/write.go:59.2,64.16 4 0
github.com/taymour/elysiandb/internal/storage/write.go:64.16,67.3 2 0
github.com/taymour/elysiandb/internal/storage/write.go:68.2,74.51 4 0
github.com/taymour/elysiandb/internal/storage/write.go:74.51,77.3 2 0
github.com/taymour/elysiandb/internal/storage/write.go:79.2,81.12 2 0
github.com/taymour/elysiandb/internal/transport/http/controller/delete_key.go:10.52,14.2 3 0
github.com/taymour/elysiandb/internal/transport/http/controller/get_key.go:11.49,16.32 3 3
github.com/taymour/elysiandb/internal/transport/http/controller/get_key.go:16.32,20.3 3 1
github.com/taymour/elysiandb/internal/transport/http/controller/get_key.go:22.2,23.16 2 2
github.com/taymour/elysiandb/internal/transport/http/controller/get_key.go:23.16,26.3 2 1
github.com/taymour/elysiandb/internal/transport/http/controller/get_key.go:28.2,28.24 1 1
github.com/taymour/elysiandb/internal/transport/http/controller/health.go:9.49,11.2 1 0
github.com/taymour/elysiandb/internal/transport/http/controller/put_key.go:10.49,19.13 7 2
github.com/taymour/elysiandb/internal/transport/http/controller/put_key.go:19.13,21.3 1 1
github.com/taymour/elysiandb/internal/transport/http/controller/put_key.go:21.8,23.3 1 1
github.com/taymour/elysiandb/internal/transport/http/controller/put_key.go:25.2,25.16 1 2
github.com/taymour/elysiandb/internal/transport/http/controller/put_key.go:25.16,28.3 2 0
github.com/taymour/elysiandb/internal/transport/http/controller/put_key.go:30.2,30.41 1 2
github.com/taymour/elysiandb/internal/transport/http/controller/reset.go:10.48,15.2 3 0
github.com/taymour/elysiandb/internal/transport/http/controller/save.go:10.47,15.2 3 0
github.com/taymour/elysiandb/internal/transport/tcp/handler/delete_key.go:5.40,8.2 2 0
github.com/taymour/elysiandb/internal/transport/tcp/handler/get_key.go:5.37,8.32 2 0
github.com/taymour/elysiandb/internal/transport/tcp/handler/get_key.go:8.32,11.3 2 0
github.com/taymour/elysiandb/internal/transport/tcp/handler/get_key.go:13.2,14.16 2 0
github.com/taymour/elysiandb/internal/transport/tcp/handler/get_key.go:14.16,16.3 1 0
github.com/taymour/elysiandb/internal/transport/tcp/handler/get_key.go:18.2,18.13 1 0
github.com/taymour/elysiandb/internal/transport/tcp/handler/reset.go:5.27,8.2 2 0
github.com/taymour/elysiandb/internal/transport/tcp/handler/save.go:5.26,8.2 2 0
github.com/taymour/elysiandb/internal/transport/tcp/handler/set_key.go:9.46,17.13 6 0
github.com/taymour/elysiandb/internal/transport/tcp/handler/set_key.go:17.13,19.3 1 0
github.com/taymour/elysiandb/internal/transport/tcp/handler/set_key.go:19.8,21.3 1 0
github.com/taymour/elysiandb/internal/transport/tcp/handler/set_key.go:23.2,23.16 1 0
github.com/taymour/elysiandb/internal/transport/tcp/handler/set_key.go:23.16,26.3 2 0
github.com/taymour/elysiandb/internal/transport/tcp/handler/set_key.go:28.2,28.21 1 0
github.com/taymour/elysiandb/internal/transport/tcp/parsing/parser.go:7.50,9.56 2 0
github.com/taymour/elysiandb/internal/transport/tcp/parsing/parser.go:9.56,11.3 1 0
github.com/taymour/elysiandb/internal/transport/tcp/parsing/parser.go:12.2,15.50 3 0
github.com/taymour/elysiandb/internal/transport/tcp/parsing/parser.go:15.50,17.3 1 0
github.com/taymour/elysiandb/internal/transport/tcp/parsing/parser.go:18.2,20.48 2 0
github.com/taymour/elysiandb/internal/transport/tcp/parsing/parser.go:20.48,22.3 1 0
github.com/taymour/elysiandb/internal/transport/tcp/parsing/parser.go:23.2,25.50 2 0
github.com/taymour/elysiandb/internal/transport/tcp/parsing/parser.go:25.50,27.3 1 0
github.com/taymour/elysiandb/internal/transport/tcp/parsing/parser.go:28.2,29.8 2 0
github.com/taymour/elysiandb/internal/transport/tcp/parsing/parser.go:32.32,33.22 1 0
github.com/taymour/elysiandb/internal/transport/tcp/parsing/parser.go:33.22,35.3 1 0
github.com/taymour/elysiandb/internal/transport/tcp/parsing/parser.go:37.2,37.19 1 0
github.com/taymour/elysiandb/internal/transport/tcp/parsing/parser.go:37.19,39.29 2 0
github.com/taymour/elysiandb/internal/transport/tcp/parsing/parser.go:39.29,41.4 1 0
github.com/taymour/elysiandb/internal/transport/tcp/parsing/parser.go:42.3,42.29 1 0
github.com/taymour/elysiandb/internal/transport/tcp/parsing/parser.go:42.29,44.4 1 0
github.com/taymour/elysiandb/internal/transport/tcp/parsing/parser.go:45.3,45.15 1 0
github.com/taymour/elysiandb/internal/transport/tcp/parsing/parser.go:45.15,47.4 1 0
github.com/taymour/elysiandb/internal/transport/tcp/parsing/parser.go:50.2,50.13 1 0
github.com/taymour/elysiandb/internal/transport/tcp/parsing/parser.go:53.47,54.17 1 0
github.com/taymour/elysiandb/internal/transport/tcp/parsing/parser.go:54.17,56.3 1 0
github.com/taymour/elysiandb/internal/transport/tcp/parsing/parser.go:58.2,62.22 4 0
github.com/taymour/elysiandb/internal/transport/tcp/parsing/parser.go:62.22,63.25 1 0
github.com/taymour/elysiandb/internal/transport/tcp/parsing/parser.go:63.25,64.9 1 0
github.com/taymour/elysiandb/internal/transport/tcp/parsing/parser.go:67.3,69.57 2 0
github.com/taymour/elysiandb/internal/transport/tcp/parsing/parser.go:69.57,71.4 1 0
github.com/taymour/elysiandb/internal/transport/tcp/parsing/parser.go:73.3,74.9 2 0
github.com/taymour/elysiandb/internal/transport/tcp/parsing/parser.go:77.2,77.15 1 0
github.com/taymour/elysiandb/internal/transport/tcp/parsing/parser.go:77.15,79.3 1 0
github.com/taymour/elysiandb/internal/transport/tcp/parsing/parser.go:81.2,81.15 1 0
github.com/taymour/elysiandb/internal/transport/tcp/tcp_routing/route.go:11.48,14.9 2 0
github.com/taymour/elysiandb/internal/transport/tcp/tcp_routing/route.go:15.44,16.24 1 0
github.com/taymour/elysiandb/internal/transport/tcp/tcp_routing/route.go:18.44,20.28 2 0
github.com/taymour/elysiandb/internal/transport/tcp/tcp_routing/route.go:22.43,23.34 1 0
github.com/taymour/elysiandb/internal/transport/tcp/tcp_routing/route.go:25.43,27.39 2 0
github.com/taymour/elysiandb/internal/transport/tcp/tcp_routing/route.go:29.43,30.37 1 0
github.com/taymour/elysiandb/internal/transport/tcp/tcp_routing/route.go:32.45,33.31 1 0
github.com/taymour/elysiandb/internal/transport/tcp/tcp_routing/route.go:35.44,36.30 1 0
github.com/taymour/elysiandb/internal/transport/tcp/tcp_routing/route.go:39.2,41.22 2 0
github.com/taymour/elysiandb/internal/transport/tcp/tcp_routing/route.go:44.45,46.51 2 0
github.com/taymour/elysiandb/internal/transport/tcp/tcp_routing/route.go:46.51,48.28 2 0
github.com/taymour/elysiandb/internal/transport/tcp/tcp_routing/route.go:48.28,50.4 1 0
github.com/taymour/elysiandb/internal/transport/tcp/tcp_routing/route.go:52.3,54.13 2 0
github.com/taymour/elysiandb/internal/transport/tcp/tcp_routing/route.go:57.2,57.10 1 0
